<?xml version="1.0" encoding="UTF-8"?>
<testng-results ignored="0" total="3" passed="3" failed="0" skipped="0">
  <reporter-output>
  </reporter-output>
  <suite started-at="2018-08-03T04:51:11Z" name="Default suite" finished-at="2018-08-03T04:52:40Z" duration-ms="89305">
    <groups>
    </groups>
    <test started-at="2018-08-03T04:51:11Z" name="Default test" finished-at="2018-08-03T04:52:40Z" duration-ms="89305">
      <class name="Frameworkfiles.Readingexcelfiledata">
        <test-method signature="Testscriptfile()[pri:1, instance:Frameworkfiles.Readingexcelfiledata@3943a2be]" started-at="2018-08-03T04:51:11Z" name="Testscriptfile" finished-at="2018-08-03T04:52:28Z" duration-ms="77422" status="PASS">
          <reporter-output>
          </reporter-output>
        </test-method> <!-- Testscriptfile -->
        <test-method signature="Readtestsuitefile()[pri:2, instance:Frameworkfiles.Readingexcelfiledata@3943a2be]" started-at="2018-08-03T04:52:28Z" name="Readtestsuitefile" finished-at="2018-08-03T04:52:40Z" duration-ms="11793" status="PASS">
          <reporter-output>
          </reporter-output>
        </test-method> <!-- Readtestsuitefile -->
        <test-method signature="Testplanfile()[pri:3, instance:Frameworkfiles.Readingexcelfiledata@3943a2be]" started-at="2018-08-03T04:52:40Z" name="Testplanfile" finished-at="2018-08-03T04:52:40Z" duration-ms="39" status="PASS">
          <reporter-output>
          </reporter-output>
        </test-method> <!-- Testplanfile -->
      </class> <!-- Frameworkfiles.Readingexcelfiledata -->
    </test> <!-- Default test -->
  </suite> <!-- Default suite -->
</testng-results>
